<?xml version="1.0" encoding="UTF-8"?>
<!-- Generated by org.testng.reporters.JUnitReportReporter -->
<testsuite hostname="LAPTOP-N7FBF4KT" failures="0" tests="1" name="testClass.Script02" time="8.262" errors="0" timestamp="2022-08-25T10:11:58 IST" skipped="0">
  <testcase classname="testClass.Script02" name="tc02" time="8.262"/>
  <system-out/>
</testsuite> <!-- testClass.Script02 -->
