<?xml version="1.0" encoding="UTF-8"?>
<!-- Generated by org.testng.reporters.JUnitReportReporter -->
<testsuite hostname="LAPTOP-N7FBF4KT" failures="0" tests="1" name="testClass.TC_001" time="9.292" errors="0" timestamp="2022-08-25T10:36:09 IST" skipped="0">
  <testcase classname="testClass.TC_001" name="tc01" time="9.292"/>
  <system-out/>
</testsuite> <!-- testClass.TC_001 -->
